[2022-06-05 13:22:08,117] INFO Shutting down the log cleaner. (kafka.log.LogCleaner)
[2022-06-05 13:22:08,119] INFO [kafka-log-cleaner-thread-0]: Shutting down (kafka.log.LogCleaner)
[2022-06-05 13:22:08,120] INFO [kafka-log-cleaner-thread-0]: Stopped (kafka.log.LogCleaner)
[2022-06-05 13:22:08,120] INFO [kafka-log-cleaner-thread-0]: Shutdown completed (kafka.log.LogCleaner)
[2022-06-05 20:09:31,849] INFO Starting the log cleaner (kafka.log.LogCleaner)
[2022-06-05 20:09:31,933] INFO [kafka-log-cleaner-thread-0]: Starting (kafka.log.LogCleaner)
[2022-06-05 23:56:11,161] INFO Shutting down the log cleaner. (kafka.log.LogCleaner)
[2022-06-05 23:56:11,165] INFO [kafka-log-cleaner-thread-0]: Shutting down (kafka.log.LogCleaner)
[2022-06-05 23:56:11,166] INFO [kafka-log-cleaner-thread-0]: Stopped (kafka.log.LogCleaner)
[2022-06-05 23:56:11,167] INFO [kafka-log-cleaner-thread-0]: Shutdown completed (kafka.log.LogCleaner)
[2022-06-07 16:43:36,395] INFO Starting the log cleaner (kafka.log.LogCleaner)
[2022-06-07 16:43:36,491] INFO [kafka-log-cleaner-thread-0]: Starting (kafka.log.LogCleaner)
[2022-06-07 16:49:36,976] INFO Shutting down the log cleaner. (kafka.log.LogCleaner)
[2022-06-07 16:49:36,978] INFO [kafka-log-cleaner-thread-0]: Shutting down (kafka.log.LogCleaner)
[2022-06-07 16:49:36,979] INFO [kafka-log-cleaner-thread-0]: Stopped (kafka.log.LogCleaner)
[2022-06-07 16:49:36,979] INFO [kafka-log-cleaner-thread-0]: Shutdown completed (kafka.log.LogCleaner)
[2022-06-09 11:44:17,637] INFO Starting the log cleaner (kafka.log.LogCleaner)
[2022-06-09 11:44:17,732] INFO [kafka-log-cleaner-thread-0]: Starting (kafka.log.LogCleaner)
[2022-06-09 11:44:33,867] INFO Starting the log cleaner (kafka.log.LogCleaner)
[2022-06-09 11:44:33,977] INFO [kafka-log-cleaner-thread-0]: Starting (kafka.log.LogCleaner)
[2022-06-09 11:45:05,198] INFO Starting the log cleaner (kafka.log.LogCleaner)
[2022-06-09 11:45:05,284] INFO [kafka-log-cleaner-thread-0]: Starting (kafka.log.LogCleaner)
[2022-06-09 11:45:14,295] INFO Shutting down the log cleaner. (kafka.log.LogCleaner)
[2022-06-09 11:45:14,295] INFO [kafka-log-cleaner-thread-0]: Shutting down (kafka.log.LogCleaner)
[2022-06-09 11:45:14,296] INFO [kafka-log-cleaner-thread-0]: Stopped (kafka.log.LogCleaner)
[2022-06-09 11:45:14,296] INFO [kafka-log-cleaner-thread-0]: Shutdown completed (kafka.log.LogCleaner)
[2022-06-09 11:46:20,999] INFO Starting the log cleaner (kafka.log.LogCleaner)
[2022-06-09 11:46:21,080] INFO [kafka-log-cleaner-thread-0]: Starting (kafka.log.LogCleaner)
[2022-06-09 11:46:38,391] INFO Shutting down the log cleaner. (kafka.log.LogCleaner)
[2022-06-09 11:46:38,392] INFO [kafka-log-cleaner-thread-0]: Shutting down (kafka.log.LogCleaner)
[2022-06-09 11:46:38,392] INFO [kafka-log-cleaner-thread-0]: Stopped (kafka.log.LogCleaner)
[2022-06-09 11:46:38,393] INFO [kafka-log-cleaner-thread-0]: Shutdown completed (kafka.log.LogCleaner)
[2022-06-09 11:47:14,829] INFO Starting the log cleaner (kafka.log.LogCleaner)
[2022-06-09 11:47:14,916] INFO [kafka-log-cleaner-thread-0]: Starting (kafka.log.LogCleaner)
[2022-06-09 12:32:58,112] INFO Shutting down the log cleaner. (kafka.log.LogCleaner)
[2022-06-09 12:32:58,116] INFO [kafka-log-cleaner-thread-0]: Shutting down (kafka.log.LogCleaner)
[2022-06-09 12:32:58,117] INFO [kafka-log-cleaner-thread-0]: Stopped (kafka.log.LogCleaner)
[2022-06-09 12:32:58,117] INFO [kafka-log-cleaner-thread-0]: Shutdown completed (kafka.log.LogCleaner)
[2022-06-09 12:33:07,570] INFO Starting the log cleaner (kafka.log.LogCleaner)
[2022-06-09 12:33:07,673] INFO [kafka-log-cleaner-thread-0]: Starting (kafka.log.LogCleaner)
[2022-06-09 12:33:39,235] INFO Starting the log cleaner (kafka.log.LogCleaner)
[2022-06-09 12:33:39,321] INFO [kafka-log-cleaner-thread-0]: Starting (kafka.log.LogCleaner)
[2022-06-09 12:34:13,792] INFO Shutting down the log cleaner. (kafka.log.LogCleaner)
[2022-06-09 12:34:13,792] INFO [kafka-log-cleaner-thread-0]: Shutting down (kafka.log.LogCleaner)
[2022-06-09 12:34:13,793] INFO [kafka-log-cleaner-thread-0]: Stopped (kafka.log.LogCleaner)
[2022-06-09 12:34:13,793] INFO [kafka-log-cleaner-thread-0]: Shutdown completed (kafka.log.LogCleaner)
[2022-06-09 12:34:58,675] INFO Starting the log cleaner (kafka.log.LogCleaner)
[2022-06-09 12:34:58,759] INFO [kafka-log-cleaner-thread-0]: Starting (kafka.log.LogCleaner)
[2022-06-09 12:35:55,791] INFO Shutting down the log cleaner. (kafka.log.LogCleaner)
[2022-06-09 12:35:55,792] INFO [kafka-log-cleaner-thread-0]: Shutting down (kafka.log.LogCleaner)
[2022-06-09 12:35:55,792] INFO [kafka-log-cleaner-thread-0]: Stopped (kafka.log.LogCleaner)
[2022-06-09 12:35:55,792] INFO [kafka-log-cleaner-thread-0]: Shutdown completed (kafka.log.LogCleaner)
[2022-06-09 12:37:39,703] INFO Starting the log cleaner (kafka.log.LogCleaner)
[2022-06-09 12:37:39,794] INFO [kafka-log-cleaner-thread-0]: Starting (kafka.log.LogCleaner)
[2022-06-09 14:16:40,145] INFO Shutting down the log cleaner. (kafka.log.LogCleaner)
[2022-06-09 14:16:40,157] INFO [kafka-log-cleaner-thread-0]: Shutting down (kafka.log.LogCleaner)
[2022-06-09 14:16:40,159] INFO [kafka-log-cleaner-thread-0]: Stopped (kafka.log.LogCleaner)
[2022-06-09 14:16:40,159] INFO [kafka-log-cleaner-thread-0]: Shutdown completed (kafka.log.LogCleaner)
[2022-06-09 14:20:12,855] INFO Starting the log cleaner (kafka.log.LogCleaner)
[2022-06-09 14:20:12,930] INFO [kafka-log-cleaner-thread-0]: Starting (kafka.log.LogCleaner)
[2022-06-09 21:42:25,362] INFO Shutting down the log cleaner. (kafka.log.LogCleaner)
[2022-06-09 21:42:25,364] INFO [kafka-log-cleaner-thread-0]: Shutting down (kafka.log.LogCleaner)
[2022-06-09 21:42:25,365] INFO [kafka-log-cleaner-thread-0]: Stopped (kafka.log.LogCleaner)
[2022-06-09 21:42:25,365] INFO [kafka-log-cleaner-thread-0]: Shutdown completed (kafka.log.LogCleaner)
[2022-06-10 15:34:08,927] INFO Starting the log cleaner (kafka.log.LogCleaner)
[2022-06-10 15:34:09,013] INFO [kafka-log-cleaner-thread-0]: Starting (kafka.log.LogCleaner)
[2022-06-11 03:03:02,566] INFO Starting the log cleaner (kafka.log.LogCleaner)
[2022-06-11 03:03:02,649] INFO [kafka-log-cleaner-thread-0]: Starting (kafka.log.LogCleaner)
[2022-06-11 03:21:41,384] INFO Shutting down the log cleaner. (kafka.log.LogCleaner)
[2022-06-11 03:21:41,385] INFO [kafka-log-cleaner-thread-0]: Shutting down (kafka.log.LogCleaner)
[2022-06-11 03:21:41,386] INFO [kafka-log-cleaner-thread-0]: Stopped (kafka.log.LogCleaner)
[2022-06-11 03:21:41,386] INFO [kafka-log-cleaner-thread-0]: Shutdown completed (kafka.log.LogCleaner)
[2022-06-19 20:30:18,066] INFO Starting the log cleaner (kafka.log.LogCleaner)
[2022-06-19 20:30:18,156] INFO [kafka-log-cleaner-thread-0]: Starting (kafka.log.LogCleaner)
[2022-06-19 20:30:47,780] INFO Starting the log cleaner (kafka.log.LogCleaner)
[2022-06-19 20:30:47,863] INFO [kafka-log-cleaner-thread-0]: Starting (kafka.log.LogCleaner)
[2022-06-19 20:32:14,694] INFO Shutting down the log cleaner. (kafka.log.LogCleaner)
[2022-06-19 20:32:14,694] INFO [kafka-log-cleaner-thread-0]: Shutting down (kafka.log.LogCleaner)
[2022-06-19 20:32:14,694] INFO [kafka-log-cleaner-thread-0]: Stopped (kafka.log.LogCleaner)
[2022-06-19 20:32:14,694] INFO [kafka-log-cleaner-thread-0]: Shutdown completed (kafka.log.LogCleaner)
[2022-06-19 20:33:16,596] INFO Starting the log cleaner (kafka.log.LogCleaner)
[2022-06-19 20:33:16,724] INFO [kafka-log-cleaner-thread-0]: Starting (kafka.log.LogCleaner)
[2022-06-19 20:33:44,350] INFO Shutting down the log cleaner. (kafka.log.LogCleaner)
[2022-06-19 20:33:44,350] INFO [kafka-log-cleaner-thread-0]: Shutting down (kafka.log.LogCleaner)
[2022-06-19 20:33:44,351] INFO [kafka-log-cleaner-thread-0]: Stopped (kafka.log.LogCleaner)
[2022-06-19 20:33:44,351] INFO [kafka-log-cleaner-thread-0]: Shutdown completed (kafka.log.LogCleaner)
[2022-06-19 20:42:28,988] INFO Starting the log cleaner (kafka.log.LogCleaner)
[2022-06-19 20:42:29,071] INFO [kafka-log-cleaner-thread-0]: Starting (kafka.log.LogCleaner)
[2022-06-20 02:07:11,723] INFO Starting the log cleaner (kafka.log.LogCleaner)
[2022-06-20 02:07:11,846] INFO [kafka-log-cleaner-thread-0]: Starting (kafka.log.LogCleaner)
[2022-06-20 03:05:58,548] INFO Shutting down the log cleaner. (kafka.log.LogCleaner)
[2022-06-20 03:05:58,550] INFO [kafka-log-cleaner-thread-0]: Shutting down (kafka.log.LogCleaner)
[2022-06-20 03:05:58,551] INFO [kafka-log-cleaner-thread-0]: Stopped (kafka.log.LogCleaner)
[2022-06-20 03:05:58,551] INFO [kafka-log-cleaner-thread-0]: Shutdown completed (kafka.log.LogCleaner)
[2022-06-20 18:22:21,025] INFO Starting the log cleaner (kafka.log.LogCleaner)
[2022-06-20 18:22:21,114] INFO [kafka-log-cleaner-thread-0]: Starting (kafka.log.LogCleaner)
